2024-10-12 23:38:41,599 - INFO - Successfully loaded CSV file: source1.csv
2024-10-12 23:38:41,604 - INFO - Successfully loaded JSON file: source1.json
2024-10-12 23:38:41,609 - INFO - Successfully loaded XML file: source1.xml
2024-10-12 23:38:41,616 - INFO - Successfully loaded CSV file: source2.csv
2024-10-12 23:38:41,621 - INFO - Successfully loaded JSON file: source2.json
2024-10-12 23:38:41,628 - INFO - Successfully loaded XML file: source2.xml
2024-10-12 23:38:41,633 - INFO - Successfully loaded CSV file: source3.csv
2024-10-12 23:38:41,637 - INFO - Successfully loaded JSON file: source3.json
2024-10-12 23:38:41,643 - INFO - Successfully loaded XML file: source3.xml
2024-10-12 23:38:41,646 - INFO - Height column converted to numeric.
2024-10-12 23:38:41,650 - INFO - Weight column converted to numeric.
2024-10-12 23:38:41,651 - INFO - Height converted from inches to meters.
2024-10-12 23:38:41,652 - INFO - Weight converted from pounds to kilograms.
2024-10-12 23:38:41,663 - INFO - Successfully loaded CSV file: source1.csv
2024-10-12 23:38:41,669 - INFO - Successfully loaded JSON file: source1.json
2024-10-12 23:38:41,674 - INFO - Successfully loaded XML file: source1.xml
2024-10-12 23:38:41,681 - INFO - Successfully loaded CSV file: source2.csv
2024-10-12 23:38:41,686 - INFO - Successfully loaded JSON file: source2.json
2024-10-12 23:38:41,692 - INFO - Successfully loaded XML file: source2.xml
2024-10-12 23:38:41,699 - INFO - Successfully loaded CSV file: source3.csv
2024-10-12 23:38:41,703 - INFO - Successfully loaded JSON file: source3.json
2024-10-12 23:38:41,708 - INFO - Successfully loaded XML file: source3.xml
2024-10-12 23:38:41,711 - INFO - Height column converted to numeric.
2024-10-12 23:38:41,711 - INFO - Weight column converted to numeric.
2024-10-12 23:38:41,712 - INFO - Height converted from inches to meters.
2024-10-12 23:38:41,713 - INFO - Weight converted from pounds to kilograms.
2024-10-12 23:38:53,333 - INFO - Transformed DataFrame saved to transformed_data.csv.
2024-10-12 23:38:54,137 - INFO - Uploaded transformed_data.csv to capstone4-data/transformed_data.csv
2024-10-12 23:38:55,954 - ERROR - Error creating database: (pymysql.err.OperationalError) (1044, "Access denied for user 'project'@'%' to database 'mysql'")
(Background on this error at: https://sqlalche.me/e/20/e3q8)
2024-10-12 23:38:56,672 - INFO - Table 'client' created successfully.
2024-10-12 23:38:57,396 - INFO - Data loaded into client table successfully.
